<?xml version="1.0" encoding="UTF-8"?>
<!-- Generated by org.testng.reporters.JUnitXMLReporter -->
<testsuite hostname="LT-B40DCK3" ignored="0" name="Parallel Tests" tests="5" failures="0" timestamp="2023-03-02T16:16:55 EET" time="51.547" errors="0">
  <testcase name="MetodaTest" time="1.354" classname="Tests.LoginTest"/>
  <testcase name="metodaTest" time="5.461" classname="Tests.AlertTest"/>
  <testcase name="MetodaTest" time="6.281" classname="Tests.RegisterTest"/>
  <testcase name="MetodaTest" time="6.857" classname="Tests.WindowTest"/>
  <testcase name="MetodaTest" time="47.107" classname="Tests.FramesTest"/>
</testsuite> <!-- Parallel Tests -->
