<?xml version="1.0" encoding="UTF-8"?>
<!-- Generated by org.testng.reporters.JUnitXMLReporter -->
<testsuite hostname="LT-B40DCK3" ignored="0" name="Parallel Tests" tests="5" failures="0" timestamp="2023-03-02T19:07:35 EET" time="15.458" errors="0">
  <testcase name="MetodaTest" time="1.192" classname="Tests.LoginTest"/>
  <testcase name="MetodaTest" time="3.923" classname="Tests.RegisterTest"/>
  <testcase name="MetodaTest" time="4.033" classname="Tests.FramesTest"/>
  <testcase name="metodaTest" time="4.485" classname="Tests.AlertTest"/>
  <testcase name="MetodaTest" time="5.958" classname="Tests.WindowTest"/>
</testsuite> <!-- Parallel Tests -->
