<?xml version="1.0" encoding="UTF-8"?>
<testsuite xmlns:xsi="http://www.w3.org/2001/XMLSchema-instance" xsi:schemaLocation="https://maven.apache.org/surefire/maven-surefire-plugin/xsd/surefire-test-report.xsd" name="TestSuite" time="15.999" tests="5" errors="0" skipped="0" failures="0">
  <properties>
[...]
</properties>
  <testcase name="MetodaTest" classname="Tests.LoginTest" time="1.033"/>
  <testcase name="MetodaTest" classname="Tests.RegisterTest" time="3.88"/>
  <testcase name="MetodaTest" classname="Tests.FramesTest" time="4.033"/>
  <testcase name="metodaTest" classname="Tests.AlertTest" time="4.349"/>
  <testcase name="MetodaTest" classname="Tests.WindowTest" time="5.944"/>
</testsuite>